<?xml version="1.0" encoding="UTF-8"?>
<!-- Generated by org.testng.reporters.JUnitReportReporter -->
<testsuite skipped="0" hostname="ASDW0128" name="test.testHris" tests="5" failures="0" timestamp="28 Jun 2018 12:28:06 GMT" time="6.755" errors="0">
  <testcase name="Total_Time_Shown_In_HRIS_Timesheet_Should_Be_Correct" time="1.519" classname="test.testHris"/>
  <testcase name="after_Clicking_On_Logout_Button_User_Should_Be_Able_To_See_Copyright_Text" time="1.295" classname="test.testHris"/>
  <testcase name="username_Field_Is_Empty_Should_Load_The_Same_Page_Again" time="0.336" classname="test.testHris"/>
  <testcase name="after_Clicking_On_Logout_Button_User_Should_Redirect_To_Login_Page" time="0.017" classname="test.testHris"/>
  <testcase name="logging_In_With_Valid_Credentials_Should_Load_Home_Page" time="3.588" classname="test.testHris"/>
</testsuite> <!-- test.testHris -->
